[debug] [2022-02-05T11:10:55.106Z] ----------------------------------------------------------------------
[debug] [2022-02-05T11:10:55.108Z] Command:       C:\Program Files\nodejs\node.exe C:\Users\voval\AppData\Roaming\npm\node_modules\firebase-tools\lib\bin\firebase.js init hosting
[debug] [2022-02-05T11:10:55.108Z] CLI Version:   9.23.1
[debug] [2022-02-05T11:10:55.108Z] Platform:      win32
[debug] [2022-02-05T11:10:55.108Z] Node Version:  v16.13.1
[debug] [2022-02-05T11:10:55.112Z] Time:          Sat Feb 05 2022 14:10:55 GMT+0300 (Москва, стандартное время)
[debug] [2022-02-05T11:10:55.112Z] ----------------------------------------------------------------------
[debug] 
[debug] [2022-02-05T11:10:55.114Z] >>> [apiv2][query] GET https://firebase-public.firebaseio.com/cli.json [none]
[debug] [2022-02-05T11:10:55.187Z] > command requires scopes: ["email","openid","https://www.googleapis.com/auth/cloudplatformprojects.readonly","https://www.googleapis.com/auth/firebase","https://www.googleapis.com/auth/cloud-platform"]
[debug] [2022-02-05T11:10:55.187Z] > authorizing via signed-in user (vlad@hq.rs)
[info] 
     ######## #### ########  ######## ########     ###     ######  ########
     ##        ##  ##     ## ##       ##     ##  ##   ##  ##       ##
     ######    ##  ########  ######   ########  #########  ######  ######
     ##        ##  ##    ##  ##       ##     ## ##     ##       ## ##
     ##       #### ##     ## ######## ########  ##     ##  ######  ########

You're about to initialize a Firebase project in this directory:

  D:\super-admin

Before we get started, keep in mind:

  * You are initializing within an existing Firebase project directory

[debug] [2022-02-05T11:10:55.717Z] <<< [apiv2][status] GET https://firebase-public.firebaseio.com/cli.json 200
[debug] [2022-02-05T11:10:55.717Z] <<< [apiv2][body] GET https://firebase-public.firebaseio.com/cli.json {"cloudBuildErrorAfter":1594252800000,"cloudBuildWarnAfter":1590019200000,"defaultNode10After":1594252800000,"minVersion":"3.0.5","node8DeploysDisabledAfter":1613390400000,"node8RuntimeDisabledAfter":1615809600000,"node8WarnAfter":1600128000000}
[info] 
=== Project Setup
[info] 
[info] First, let's associate this project directory with a Firebase project.
[info] You can create multiple project aliases by running firebase use --add, 
[info] but for now we'll just set up a default project.
[info] 
[debug] [2022-02-05T11:11:00.968Z] Using project from CLI flag: hr-mng
[debug] [2022-02-05T11:11:00.969Z] > refreshing access token with scopes: []
[debug] [2022-02-05T11:11:00.969Z] >>> HTTP REQUEST POST https://www.googleapis.com/oauth2/v3/token  
 <request body omitted>
[debug] [2022-02-05T11:11:01.092Z] <<< HTTP RESPONSE 200 {"pragma":"no-cache","cache-control":"no-cache, no-store, max-age=0, must-revalidate","date":"Sat, 05 Feb 2022 11:11:01 GMT","expires":"Mon, 01 Jan 1990 00:00:00 GMT","content-type":"application/json; charset=utf-8","vary":"X-Origin, Referer, Origin,Accept-Encoding","server":"scaffolding on HTTPServer2","x-xss-protection":"0","x-frame-options":"SAMEORIGIN","x-content-type-options":"nosniff","alt-svc":"h3=\":443\"; ma=2592000,h3-29=\":443\"; ma=2592000,h3-Q050=\":443\"; ma=2592000,h3-Q046=\":443\"; ma=2592000,h3-Q043=\":443\"; ma=2592000,quic=\":443\"; ma=2592000; v=\"46,43\"","accept-ranges":"none","transfer-encoding":"chunked"}
[debug] [2022-02-05T11:11:01.100Z] >>> [apiv2][query] GET https://firebase.googleapis.com/v1beta1/projects/hr-mng [none]
[debug] [2022-02-05T11:11:01.446Z] <<< [apiv2][status] GET https://firebase.googleapis.com/v1beta1/projects/hr-mng 200
[debug] [2022-02-05T11:11:01.447Z] <<< [apiv2][body] GET https://firebase.googleapis.com/v1beta1/projects/hr-mng {"projectId":"hr-mng","projectNumber":"693144280320","displayName":"HR Mng","name":"projects/hr-mng","resources":{"hostingSite":"hr-mng","storageBucket":"hr-mng.appspot.com","locationId":"europe-central2"},"state":"ACTIVE"}
[info] i  Using project hr-mng (HR Mng) 
[info] 
=== Hosting Setup
[info] 
[info] Your public directory is the folder (relative to your project directory) that
[info] will contain Hosting assets to be uploaded with firebase deploy. If you
[info] have a build process for your assets, use your build's output directory.
[info] 
